<?xml version="1.0" encoding="UTF-8"?>
<!-- Generated by org.testng.reporters.JUnitReportReporter -->
<testsuite skipped="0" hostname="Christy" name="com.testng.Simple_annotations" tests="3" failures="0" timestamp="2022-07-17T19:51:30 IST" time="0.021" errors="0">
  <testcase name="dresses" time="0.012" classname="com.testng.Simple_annotations"/>
  <system-out/>
  <testcase name="women" time="0.005" classname="com.testng.Simple_annotations"/>
  <system-out/>
  <testcase name="tshirts" time="0.004" classname="com.testng.Simple_annotations"/>
  <system-out/>
</testsuite> <!-- com.testng.Simple_annotations -->
