<?xml version="1.0" encoding="UTF-8"?>
<!-- Generated by org.testng.reporters.JUnitReportReporter -->
<testsuite skipped="0" hostname="Christy" name="com.testng.Invocation_count" tests="8" failures="0" timestamp="2022-07-19T07:58:46 IST" time="0.015" errors="0">
  <testcase name="setProperty" time="0.000" classname="com.testng.Invocation_count"/>
  <system-out/>
  <testcase name="refresh" time="0.000" classname="com.testng.Invocation_count"/>
  <system-out/>
  <testcase name="refresh" time="0.000" classname="com.testng.Invocation_count"/>
  <system-out/>
  <testcase name="browserLaunch" time="0.000" classname="com.testng.Invocation_count"/>
  <system-out/>
  <testcase name="refresh" time="0.000" classname="com.testng.Invocation_count"/>
  <system-out/>
  <testcase name="getUrl" time="0.000" classname="com.testng.Invocation_count"/>
  <system-out/>
  <testcase name="signin" time="0.015" classname="com.testng.Invocation_count"/>
  <system-out/>
  <testcase name="men" time="0.000" classname="com.testng.Invocation_count"/>
  <system-out/>
</testsuite> <!-- com.testng.Invocation_count -->
