<?xml version="1.0" encoding="UTF-8"?>
<!-- Generated by org.testng.reporters.JUnitReportReporter -->
<testsuite skipped="0" hostname="Christy" name="com.testng.Priority_test" tests="5" failures="0" timestamp="2022-07-19T07:54:27 IST" time="0.000" errors="0">
  <testcase name="setProperty" time="0.000" classname="com.testng.Priority_test"/>
  <system-out/>
  <testcase name="browserLaunch" time="0.000" classname="com.testng.Priority_test"/>
  <system-out/>
  <testcase name="getUrl" time="0.000" classname="com.testng.Priority_test"/>
  <system-out/>
  <testcase name="signin" time="0.000" classname="com.testng.Priority_test"/>
  <system-out/>
  <testcase name="men" time="0.000" classname="com.testng.Priority_test"/>
  <system-out/>
</testsuite> <!-- com.testng.Priority_test -->
