<?xml version="1.0" encoding="UTF-8"?>
<!-- Generated by org.testng.reporters.JUnitReportReporter -->
<testsuite skipped="1" hostname="Christy" name="com.testng.Ignore_test" tests="2" failures="0" timestamp="2022-07-19T07:32:55 IST" time="0.011" errors="0">
  <testcase name="men" time="0.011" classname="com.testng.Ignore_test"/>
  <system-out/>
  <testcase name="women" classname="com.testng.Ignore_test">
    <skipped/>
  </testcase> <!-- women -->
  <system-out/>
</testsuite> <!-- com.testng.Ignore_test -->
