<?xml version="1.0" encoding="UTF-8"?>
<!-- Generated by org.testng.reporters.JUnitReportReporter -->
<testsuite skipped="0" hostname="Christy" name="com.testng.Grouping_test" tests="4" failures="0" timestamp="2022-07-19T16:22:06 IST" time="0.017" errors="0">
  <testcase name="spotify" time="0.001" classname="com.testng.Grouping_test"/>
  <system-out/>
  <testcase name="dresses" time="0.010" classname="com.testng.Grouping_test"/>
  <system-out/>
  <testcase name="tshirt" time="0.002" classname="com.testng.Grouping_test"/>
  <system-out/>
  <testcase name="wynk" time="0.004" classname="com.testng.Grouping_test"/>
  <system-out/>
</testsuite> <!-- com.testng.Grouping_test -->
