<?xml version="1.0" encoding="UTF-8"?>
<!-- Generated by org.testng.reporters.JUnitReportReporter -->
<testsuite skipped="0" hostname="Christy" name="com.testng.Data_provider" tests="3" failures="0" timestamp="2022-07-21T16:45:20 IST" time="0.014" errors="0">
  <testcase name="credentials" time="0.008" classname="com.testng.Data_provider"/>
  <system-out/>
  <testcase name="credentials" time="0.003" classname="com.testng.Data_provider"/>
  <system-out/>
  <testcase name="credentials" time="0.003" classname="com.testng.Data_provider"/>
  <system-out/>
</testsuite> <!-- com.testng.Data_provider -->
